<?xml version="1.0" encoding="UTF-8"?>
<!-- Generated by org.testng.reporters.JUnitReportReporter -->
<testsuite hostname="SIPL92" failures="0" tests="1" name="fedexCILStaging.FedExCILOrderCreation" time="66.179" errors="0" timestamp="2022-04-01T10:43:16 IST" skipped="0">
  <testcase classname="fedexCILStaging.FedExCILOrderCreation" name="fedEXCILOrder" time="66.179"/>
  <system-out/>
</testsuite> <!-- fedexCILStaging.FedExCILOrderCreation -->
