<?xml version="1.0" encoding="UTF-8"?>
<!-- Generated by org.testng.reporters.JUnitReportReporter -->
<testsuite hostname="SIPL92" failures="0" tests="1" name="fedexCILStaging.FedExCILOrderCreation" time="65.806" errors="0" timestamp="16 Jun 2022 04:21:53 GMT">
  <testcase classname="fedexCILStaging.FedExCILOrderCreation" name="fedEXCILOrder" time="65.806"/>
</testsuite> <!-- fedexCILStaging.FedExCILOrderCreation -->
