<?xml version="1.0" encoding="UTF-8"?>
<!-- Generated by org.testng.reporters.JUnitReportReporter -->
<testsuite hostname="SIPL92" failures="0" tests="1" name="fedexCILStaging.FedExCILOrderCreation" time="114.299" errors="0" timestamp="22 Feb 2022 10:04:34 GMT">
  <testcase classname="fedexCILStaging.FedExCILOrderCreation" name="fedEXCILOrder" time="114.299"/>
</testsuite> <!-- fedexCILStaging.FedExCILOrderCreation -->
