<?xml version="1.0" encoding="UTF-8"?>
<!-- Generated by org.testng.reporters.JUnitReportReporter -->
<testsuite hostname="SIPL92" failures="0" tests="1" name="fedexCILStaging.FedExCILOrderCreation" time="80.927" errors="0" timestamp="29 Apr 2022 04:04:29 GMT">
  <testcase classname="fedexCILStaging.FedExCILOrderCreation" name="fedEXCILOrder" time="80.927"/>
</testsuite> <!-- fedexCILStaging.FedExCILOrderCreation -->
