<?xml version="1.0" encoding="UTF-8"?>
<!-- Generated by org.testng.reporters.JUnitReportReporter -->
<testsuite hostname="SIPL92" failures="0" tests="1" name="fedexCILStaging.FedExCILOrderCreation" time="34.369" errors="0" timestamp="22 Feb 2022 08:27:07 GMT">
  <testcase classname="fedexCILStaging.FedExCILOrderCreation" name="fedEXCILOrder" time="34.369"/>
</testsuite> <!-- fedexCILStaging.FedExCILOrderCreation -->
