<?xml version="1.0" encoding="UTF-8"?>
<!-- Generated by org.testng.reporters.JUnitReportReporter -->
<testsuite hostname="SIPL92" failures="0" tests="1" name="fedexCILStaging.FedExCILOrderCreation" time="96.207" errors="0" timestamp="16 May 2022 04:03:51 GMT">
  <testcase classname="fedexCILStaging.FedExCILOrderCreation" name="fedEXCILOrder" time="96.207"/>
</testsuite> <!-- fedexCILStaging.FedExCILOrderCreation -->
