<?xml version="1.0" encoding="UTF-8"?>
<!-- Generated by org.testng.reporters.JUnitReportReporter -->
<testsuite hostname="SIPL92" failures="0" tests="1" name="fedexCILStaging.FedExCILOrderCreation" time="148.154" errors="0" timestamp="17 Mar 2022 04:05:27 GMT">
  <testcase classname="fedexCILStaging.FedExCILOrderCreation" name="fedEXCILOrder" time="148.154"/>
</testsuite> <!-- fedexCILStaging.FedExCILOrderCreation -->
