<?xml version="1.0" encoding="UTF-8"?>
<!-- Generated by org.testng.reporters.JUnitReportReporter -->
<testsuite hostname="SIPL92" failures="0" tests="1" name="fedexCILStaging.FedExCILOrderCreation" time="90.157" errors="0" timestamp="28 Jun 2022 04:04:28 GMT">
  <testcase classname="fedexCILStaging.FedExCILOrderCreation" name="fedEXCILOrder" time="90.157"/>
</testsuite> <!-- fedexCILStaging.FedExCILOrderCreation -->
